# Logfile created on 2014-01-02 10:01:52 -0800 by logger.rb/44203
I, [2014-01-02T10:01:52.552476 #47684]  INFO -- : 0:  rake (10.1.1) from /usr/local/lib/ruby/gems/2.1.0/specifications/rake-10.1.1.gemspec
I, [2014-01-02T10:01:52.552913 #47684]  INFO -- : 0:  bundler (1.5.0) from /Users/jh/.gem/ruby/2.1.0/specifications/bundler-1.5.0.gemspec
I, [2014-01-02T10:01:52.553355 #47684]  INFO -- : 0:  methadone (1.3.1) from /Users/jh/.gem/ruby/2.1.0/specifications/methadone-1.3.1.gemspec
I, [2014-01-02T10:01:52.553706 #47684]  INFO -- : 0:  ProMotion (1.1.1) from /Users/jh/.gem/ruby/2.1.0/specifications/ProMotion-1.1.1.gemspec
I, [2014-01-02T10:01:53.875962 #47684]  INFO -- : 0:  bubble-wrap (1.4.0) from /usr/local/lib/ruby/gems/2.1.0/specifications/bubble-wrap-1.4.0.gemspec
I, [2014-01-02T10:01:54.513915 #47684]  INFO -- : 0:  motion-require (0.0.7) from /usr/local/lib/ruby/gems/2.1.0/specifications/motion-require-0.0.7.gemspec
I, [2014-01-02T10:01:56.753586 #47684]  INFO -- : 0:  formotion (1.6) from /usr/local/lib/ruby/gems/2.1.0/specifications/formotion-1.6.gemspec
I, [2014-01-02T10:02:34.962178 #47741]  INFO -- : 0:  rake (10.1.1) from /usr/local/lib/ruby/gems/2.1.0/specifications/rake-10.1.1.gemspec
I, [2014-01-02T10:02:34.962997 #47741]  INFO -- : 0:  bundler (1.5.0) from /Users/jh/.gem/ruby/2.1.0/specifications/bundler-1.5.0.gemspec
I, [2014-01-02T10:02:34.963500 #47741]  INFO -- : 0:  methadone (1.3.1) from /Users/jh/.gem/ruby/2.1.0/specifications/methadone-1.3.1.gemspec
I, [2014-01-02T10:02:34.963940 #47741]  INFO -- : 0:  ProMotion (1.1.1) from /Users/jh/.gem/ruby/2.1.0/specifications/ProMotion-1.1.1.gemspec
I, [2014-01-02T10:02:34.964353 #47741]  INFO -- : 0:  bubble-wrap (1.4.0) from /usr/local/lib/ruby/gems/2.1.0/specifications/bubble-wrap-1.4.0.gemspec
I, [2014-01-02T10:02:34.964752 #47741]  INFO -- : 0:  motion-require (0.0.7) from /usr/local/lib/ruby/gems/2.1.0/specifications/motion-require-0.0.7.gemspec
I, [2014-01-02T10:02:34.965148 #47741]  INFO -- : 0:  formotion (1.6) from /usr/local/lib/ruby/gems/2.1.0/specifications/formotion-1.6.gemspec
I, [2014-01-02T10:02:36.297653 #47741]  INFO -- : 0:  ProMotion-formotion (0.1.1) from /usr/local/lib/ruby/gems/2.1.0/specifications/ProMotion-formotion-0.1.1.gemspec
I, [2014-01-02T10:09:32.069885 #49751]  INFO -- : 0:  rake (10.1.1) from /usr/local/lib/ruby/gems/2.1.0/specifications/rake-10.1.1.gemspec
I, [2014-01-02T10:09:32.071060 #49751]  INFO -- : 0:  bundler (1.5.0) from /Users/jh/.gem/ruby/2.1.0/specifications/bundler-1.5.0.gemspec
I, [2014-01-02T10:09:32.073661 #49751]  INFO -- : 0:  methadone (1.3.1) from /Users/jh/.gem/ruby/2.1.0/specifications/methadone-1.3.1.gemspec
I, [2014-01-02T10:09:32.074119 #49751]  INFO -- : 0:  ProMotion (1.1.1) from /Users/jh/.gem/ruby/2.1.0/specifications/ProMotion-1.1.1.gemspec
I, [2014-01-02T10:10:48.948970 #50033]  INFO -- : 0:  rake (10.1.1) from /usr/local/lib/ruby/gems/2.1.0/specifications/rake-10.1.1.gemspec
I, [2014-01-02T10:10:48.949624 #50033]  INFO -- : 0:  bundler (1.5.0) from /Users/jh/.gem/ruby/2.1.0/specifications/bundler-1.5.0.gemspec
I, [2014-01-02T10:10:48.949968 #50033]  INFO -- : 0:  methadone (1.3.1) from /Users/jh/.gem/ruby/2.1.0/specifications/methadone-1.3.1.gemspec
I, [2014-01-02T10:10:48.950295 #50033]  INFO -- : 0:  ProMotion (1.1.1) from /Users/jh/.gem/ruby/2.1.0/specifications/ProMotion-1.1.1.gemspec
I, [2014-01-02T10:13:05.728704 #50929]  INFO -- : 0:  rake (10.1.1) from /usr/local/lib/ruby/gems/2.1.0/specifications/rake-10.1.1.gemspec
I, [2014-01-02T10:13:05.729490 #50929]  INFO -- : 0:  bundler (1.5.0) from /Users/jh/.gem/ruby/2.1.0/specifications/bundler-1.5.0.gemspec
I, [2014-01-02T10:13:05.729880 #50929]  INFO -- : 0:  methadone (1.3.1) from /Users/jh/.gem/ruby/2.1.0/specifications/methadone-1.3.1.gemspec
I, [2014-01-02T10:13:05.730289 #50929]  INFO -- : 0:  ProMotion (1.1.1) from /Users/jh/.gem/ruby/2.1.0/specifications/ProMotion-1.1.1.gemspec
I, [2014-01-02T10:13:05.730654 #50929]  INFO -- : 0:  bubble-wrap (1.4.0) from /usr/local/lib/ruby/gems/2.1.0/specifications/bubble-wrap-1.4.0.gemspec
I, [2014-01-02T10:13:05.730972 #50929]  INFO -- : 0:  motion-require (0.0.7) from /usr/local/lib/ruby/gems/2.1.0/specifications/motion-require-0.0.7.gemspec
I, [2014-01-02T10:13:05.731341 #50929]  INFO -- : 0:  formotion (1.6) from /usr/local/lib/ruby/gems/2.1.0/specifications/formotion-1.6.gemspec
